<?xml version="1.0" encoding="UTF-8"?>
<testng-results skipped="0" failed="0" ignored="2" total="22" passed="20">
  <reporter-output>
  </reporter-output>
  <suite name="Command line suite" duration-ms="22123" started-at="2017-11-05T07:19:18Z" finished-at="2017-11-05T07:19:40Z">
    <groups>
    </groups>
    <test name="Command line test" duration-ms="22123" started-at="2017-11-05T07:19:18Z" finished-at="2017-11-05T07:19:40Z">
      <class name="locationbrowser.TestLocationBrowser">
        <test-method status="PASS" signature="testListOfLocsByCountry()[pri:0, instance:locationbrowser.TestLocationBrowser@35dab4eb]" name="testListOfLocsByCountry" duration-ms="527" started-at="2017-11-05T12:49:29Z" description="Verify List of locations by most popular country" finished-at="2017-11-05T12:49:30Z">
          <reporter-output>
          </reporter-output>
        </test-method> <!-- testListOfLocsByCountry -->
        <test-method status="PASS" signature="testListOfLocsByDistance()[pri:0, instance:locationbrowser.TestLocationBrowser@35dab4eb]" name="testListOfLocsByDistance" duration-ms="446" started-at="2017-11-05T12:49:30Z" description="Verify List of locations by distance" finished-at="2017-11-05T12:49:30Z">
          <reporter-output>
          </reporter-output>
        </test-method> <!-- testListOfLocsByDistance -->
        <test-method status="PASS" signature="testListOfLocsByVotes()[pri:0, instance:locationbrowser.TestLocationBrowser@35dab4eb]" name="testListOfLocsByVotes" duration-ms="405" started-at="2017-11-05T12:49:30Z" description="Verify List of locations by most no of vote" finished-at="2017-11-05T12:49:30Z">
          <reporter-output>
          </reporter-output>
        </test-method> <!-- testListOfLocsByVotes -->
      </class> <!-- locationbrowser.TestLocationBrowser -->
      <class name="dynamoDB.TestDynamoDbClient">
        <test-method status="PASS" signature="getUserById()[pri:0, instance:dynamoDB.TestDynamoDbClient@28261e8e]" name="getUserById" duration-ms="528" started-at="2017-11-05T12:49:22Z" description="Verify if the user fetched from DyDB matches with expected user details" finished-at="2017-11-05T12:49:22Z">
          <reporter-output>
          </reporter-output>
        </test-method> <!-- getUserById -->
        <test-method status="PASS" signature="testAmazonDynamoDBClientCreation()[pri:0, instance:dynamoDB.TestDynamoDbClient@28261e8e]" name="testAmazonDynamoDBClientCreation" duration-ms="0" started-at="2017-11-05T12:49:22Z" description="Verify DynamoDB Mapper client creation" finished-at="2017-11-05T12:49:22Z">
          <reporter-output>
          </reporter-output>
        </test-method> <!-- testAmazonDynamoDBClientCreation -->
        <test-method status="PASS" signature="testLocationDetailsPersistance()[pri:0, instance:dynamoDB.TestDynamoDbClient@28261e8e]" name="testLocationDetailsPersistance" duration-ms="409" started-at="2017-11-05T12:49:22Z" description="Verify if location details can be persisted in DynamoDB" finished-at="2017-11-05T12:49:23Z">
          <reporter-output>
          </reporter-output>
        </test-method> <!-- testLocationDetailsPersistance -->
        <test-method status="PASS" signature="testUserDetailsPersistance()[pri:0, instance:dynamoDB.TestDynamoDbClient@28261e8e]" name="testUserDetailsPersistance" duration-ms="408" started-at="2017-11-05T12:49:23Z" description="Verify if user details can be persisted in DynamoDB" finished-at="2017-11-05T12:49:23Z">
          <reporter-output>
          </reporter-output>
        </test-method> <!-- testUserDetailsPersistance -->
        <test-method status="PASS" signature="testWishlistDetailsPersistance()[pri:0, instance:dynamoDB.TestDynamoDbClient@28261e8e]" name="testWishlistDetailsPersistance" duration-ms="4505" started-at="2017-11-05T12:49:23Z" description="verify if wish list details can be persisted in DynamoDB" finished-at="2017-11-05T12:49:28Z">
          <reporter-output>
          </reporter-output>
        </test-method> <!-- testWishlistDetailsPersistance -->
      </class> <!-- dynamoDB.TestDynamoDbClient -->
      <class name="locationbrowser.TestVotingManager">
        <test-method status="PASS" signature="testVoteForInvalidLocation()[pri:0, instance:locationbrowser.TestVotingManager@3ba987b8]" name="testVoteForInvalidLocation" duration-ms="614" started-at="2017-11-05T12:49:37Z" description="Testcase to verify voting for invalid location" finished-at="2017-11-05T12:49:37Z">
          <exception class="techexe.expedia.exceptions.LocationNotExistException">
            <message>
              <![CDATA[Location does not exist]]>
            </message>
            <full-stacktrace>
              <![CDATA[techexe.expedia.exceptions.LocationNotExistException: Location does not exist
	at techexe.expedia.locations.LocationVotingManager.voteForLocation(LocationVotingManager.java:43)
	at locationbrowser.TestVotingManager.testVoteForInvalidLocation(TestVotingManager.java:39)
	at sun.reflect.NativeMethodAccessorImpl.invoke0(Native Method)
	at sun.reflect.NativeMethodAccessorImpl.invoke(NativeMethodAccessorImpl.java:62)
	at sun.reflect.DelegatingMethodAccessorImpl.invoke(DelegatingMethodAccessorImpl.java:43)
	at java.lang.reflect.Method.invoke(Method.java:498)
	at org.testng.internal.MethodInvocationHelper.invokeMethod(MethodInvocationHelper.java:108)
	at org.testng.internal.Invoker.invokeMethod(Invoker.java:661)
	at org.testng.internal.Invoker.invokeTestMethod(Invoker.java:869)
	at org.testng.internal.Invoker.invokeTestMethods(Invoker.java:1193)
	at org.testng.internal.TestMethodWorker.invokeTestMethods(TestMethodWorker.java:126)
	at org.testng.internal.TestMethodWorker.run(TestMethodWorker.java:109)
	at org.testng.TestRunner.privateRun(TestRunner.java:744)
	at org.testng.TestRunner.run(TestRunner.java:602)
	at org.testng.SuiteRunner.runTest(SuiteRunner.java:380)
	at org.testng.SuiteRunner.runSequentially(SuiteRunner.java:375)
	at org.testng.SuiteRunner.privateRun(SuiteRunner.java:340)
	at org.testng.SuiteRunner.run(SuiteRunner.java:289)
	at org.testng.SuiteRunnerWorker.runSuite(SuiteRunnerWorker.java:52)
	at org.testng.SuiteRunnerWorker.run(SuiteRunnerWorker.java:86)
	at org.testng.TestNG.runSuitesSequentially(TestNG.java:1301)
	at org.testng.TestNG.runSuitesLocally(TestNG.java:1226)
	at org.testng.TestNG.runSuites(TestNG.java:1144)
	at org.testng.TestNG.run(TestNG.java:1115)
	at org.apache.maven.surefire.testng.TestNGExecutor.run(TestNGExecutor.java:77)
	at org.apache.maven.surefire.testng.TestNGDirectoryTestSuite.executeMulti(TestNGDirectoryTestSuite.java:159)
	at org.apache.maven.surefire.testng.TestNGDirectoryTestSuite.execute(TestNGDirectoryTestSuite.java:99)
	at org.apache.maven.surefire.testng.TestNGProvider.invoke(TestNGProvider.java:106)
	at sun.reflect.NativeMethodAccessorImpl.invoke0(Native Method)
	at sun.reflect.NativeMethodAccessorImpl.invoke(NativeMethodAccessorImpl.java:62)
	at sun.reflect.DelegatingMethodAccessorImpl.invoke(DelegatingMethodAccessorImpl.java:43)
	at java.lang.reflect.Method.invoke(Method.java:498)
	at org.apache.maven.surefire.util.ReflectionUtils.invokeMethodWithArray(ReflectionUtils.java:189)
	at org.apache.maven.surefire.booter.ProviderFactory$ProviderProxy.invoke(ProviderFactory.java:165)
	at org.apache.maven.surefire.booter.ProviderFactory.invokeProvider(ProviderFactory.java:85)
	at org.apache.maven.surefire.booter.ForkedBooter.runSuitesInProcess(ForkedBooter.java:115)
	at org.apache.maven.surefire.booter.ForkedBooter.main(ForkedBooter.java:75)
]]>
            </full-stacktrace>
          </exception> <!-- techexe.expedia.exceptions.LocationNotExistException -->
          <reporter-output>
          </reporter-output>
        </test-method> <!-- testVoteForInvalidLocation -->
        <test-method status="PASS" signature="testVoteForInvalidUser()[pri:0, instance:locationbrowser.TestVotingManager@3ba987b8]" name="testVoteForInvalidUser" duration-ms="819" started-at="2017-11-05T12:49:37Z" description="Testcase to verify voting by invalid user" finished-at="2017-11-05T12:49:38Z">
          <exception class="techexe.expedia.exceptions.UserDoesNotExistException">
            <message>
              <![CDATA[User does not exist]]>
            </message>
            <full-stacktrace>
              <![CDATA[techexe.expedia.exceptions.UserDoesNotExistException: User does not exist
	at techexe.expedia.locations.LocationVotingManager.voteForLocation(LocationVotingManager.java:51)
	at locationbrowser.TestVotingManager.testVoteForInvalidUser(TestVotingManager.java:47)
	at sun.reflect.NativeMethodAccessorImpl.invoke0(Native Method)
	at sun.reflect.NativeMethodAccessorImpl.invoke(NativeMethodAccessorImpl.java:62)
	at sun.reflect.DelegatingMethodAccessorImpl.invoke(DelegatingMethodAccessorImpl.java:43)
	at java.lang.reflect.Method.invoke(Method.java:498)
	at org.testng.internal.MethodInvocationHelper.invokeMethod(MethodInvocationHelper.java:108)
	at org.testng.internal.Invoker.invokeMethod(Invoker.java:661)
	at org.testng.internal.Invoker.invokeTestMethod(Invoker.java:869)
	at org.testng.internal.Invoker.invokeTestMethods(Invoker.java:1193)
	at org.testng.internal.TestMethodWorker.invokeTestMethods(TestMethodWorker.java:126)
	at org.testng.internal.TestMethodWorker.run(TestMethodWorker.java:109)
	at org.testng.TestRunner.privateRun(TestRunner.java:744)
	at org.testng.TestRunner.run(TestRunner.java:602)
	at org.testng.SuiteRunner.runTest(SuiteRunner.java:380)
	at org.testng.SuiteRunner.runSequentially(SuiteRunner.java:375)
	at org.testng.SuiteRunner.privateRun(SuiteRunner.java:340)
	at org.testng.SuiteRunner.run(SuiteRunner.java:289)
	at org.testng.SuiteRunnerWorker.runSuite(SuiteRunnerWorker.java:52)
	at org.testng.SuiteRunnerWorker.run(SuiteRunnerWorker.java:86)
	at org.testng.TestNG.runSuitesSequentially(TestNG.java:1301)
	at org.testng.TestNG.runSuitesLocally(TestNG.java:1226)
	at org.testng.TestNG.runSuites(TestNG.java:1144)
	at org.testng.TestNG.run(TestNG.java:1115)
	at org.apache.maven.surefire.testng.TestNGExecutor.run(TestNGExecutor.java:77)
	at org.apache.maven.surefire.testng.TestNGDirectoryTestSuite.executeMulti(TestNGDirectoryTestSuite.java:159)
	at org.apache.maven.surefire.testng.TestNGDirectoryTestSuite.execute(TestNGDirectoryTestSuite.java:99)
	at org.apache.maven.surefire.testng.TestNGProvider.invoke(TestNGProvider.java:106)
	at sun.reflect.NativeMethodAccessorImpl.invoke0(Native Method)
	at sun.reflect.NativeMethodAccessorImpl.invoke(NativeMethodAccessorImpl.java:62)
	at sun.reflect.DelegatingMethodAccessorImpl.invoke(DelegatingMethodAccessorImpl.java:43)
	at java.lang.reflect.Method.invoke(Method.java:498)
	at org.apache.maven.surefire.util.ReflectionUtils.invokeMethodWithArray(ReflectionUtils.java:189)
	at org.apache.maven.surefire.booter.ProviderFactory$ProviderProxy.invoke(ProviderFactory.java:165)
	at org.apache.maven.surefire.booter.ProviderFactory.invokeProvider(ProviderFactory.java:85)
	at org.apache.maven.surefire.booter.ForkedBooter.runSuitesInProcess(ForkedBooter.java:115)
	at org.apache.maven.surefire.booter.ForkedBooter.main(ForkedBooter.java:75)
]]>
            </full-stacktrace>
          </exception> <!-- techexe.expedia.exceptions.UserDoesNotExistException -->
          <reporter-output>
          </reporter-output>
        </test-method> <!-- testVoteForInvalidUser -->
        <test-method status="PASS" signature="testVoteForLocation()[pri:0, instance:locationbrowser.TestVotingManager@3ba987b8]" name="testVoteForLocation" duration-ms="1838" started-at="2017-11-05T12:49:38Z" description="Testcase to verify voting for location.No of votes for the location should be incremented" finished-at="2017-11-05T12:49:40Z">
          <reporter-output>
          </reporter-output>
        </test-method> <!-- testVoteForLocation -->
      </class> <!-- locationbrowser.TestVotingManager -->
      <class name="wishlist.TestWishListMgr">
        <test-method status="PASS" signature="testCreateWishList()[pri:0, instance:wishlist.TestWishListMgr@5f049ea1]" name="testCreateWishList" duration-ms="3373" started-at="2017-11-05T12:49:18Z" description="Testcase to create new wishlist for given user" finished-at="2017-11-05T12:49:22Z">
          <reporter-output>
          </reporter-output>
        </test-method> <!-- testCreateWishList -->
        <test-method status="PASS" signature="testaddToInvalidWishList()[pri:0, instance:wishlist.TestWishListMgr@5f049ea1]" name="testaddToInvalidWishList" duration-ms="388" started-at="2017-11-05T12:49:22Z" description="Negative test case to add location to non-existing wishlist" finished-at="2017-11-05T12:49:22Z">
          <exception class="techexe.expedia.exceptions.WishListDoesNotExistException">
            <message>
              <![CDATA[Wishlist for id XYZdoes not exist]]>
            </message>
            <full-stacktrace>
              <![CDATA[techexe.expedia.exceptions.WishListDoesNotExistException: Wishlist for id XYZdoes not exist
	at techexe.expedia.wishlist.WishListImpl.addToWishList(WishListImpl.java:59)
	at wishlist.TestWishListMgr.testaddToInvalidWishList(TestWishListMgr.java:78)
	at sun.reflect.NativeMethodAccessorImpl.invoke0(Native Method)
	at sun.reflect.NativeMethodAccessorImpl.invoke(NativeMethodAccessorImpl.java:62)
	at sun.reflect.DelegatingMethodAccessorImpl.invoke(DelegatingMethodAccessorImpl.java:43)
	at java.lang.reflect.Method.invoke(Method.java:498)
	at org.testng.internal.MethodInvocationHelper.invokeMethod(MethodInvocationHelper.java:108)
	at org.testng.internal.Invoker.invokeMethod(Invoker.java:661)
	at org.testng.internal.Invoker.invokeTestMethod(Invoker.java:869)
	at org.testng.internal.Invoker.invokeTestMethods(Invoker.java:1193)
	at org.testng.internal.TestMethodWorker.invokeTestMethods(TestMethodWorker.java:126)
	at org.testng.internal.TestMethodWorker.run(TestMethodWorker.java:109)
	at org.testng.TestRunner.privateRun(TestRunner.java:744)
	at org.testng.TestRunner.run(TestRunner.java:602)
	at org.testng.SuiteRunner.runTest(SuiteRunner.java:380)
	at org.testng.SuiteRunner.runSequentially(SuiteRunner.java:375)
	at org.testng.SuiteRunner.privateRun(SuiteRunner.java:340)
	at org.testng.SuiteRunner.run(SuiteRunner.java:289)
	at org.testng.SuiteRunnerWorker.runSuite(SuiteRunnerWorker.java:52)
	at org.testng.SuiteRunnerWorker.run(SuiteRunnerWorker.java:86)
	at org.testng.TestNG.runSuitesSequentially(TestNG.java:1301)
	at org.testng.TestNG.runSuitesLocally(TestNG.java:1226)
	at org.testng.TestNG.runSuites(TestNG.java:1144)
	at org.testng.TestNG.run(TestNG.java:1115)
	at org.apache.maven.surefire.testng.TestNGExecutor.run(TestNGExecutor.java:77)
	at org.apache.maven.surefire.testng.TestNGDirectoryTestSuite.executeMulti(TestNGDirectoryTestSuite.java:159)
	at org.apache.maven.surefire.testng.TestNGDirectoryTestSuite.execute(TestNGDirectoryTestSuite.java:99)
	at org.apache.maven.surefire.testng.TestNGProvider.invoke(TestNGProvider.java:106)
	at sun.reflect.NativeMethodAccessorImpl.invoke0(Native Method)
	at sun.reflect.NativeMethodAccessorImpl.invoke(NativeMethodAccessorImpl.java:62)
	at sun.reflect.DelegatingMethodAccessorImpl.invoke(DelegatingMethodAccessorImpl.java:43)
	at java.lang.reflect.Method.invoke(Method.java:498)
	at org.apache.maven.surefire.util.ReflectionUtils.invokeMethodWithArray(ReflectionUtils.java:189)
	at org.apache.maven.surefire.booter.ProviderFactory$ProviderProxy.invoke(ProviderFactory.java:165)
	at org.apache.maven.surefire.booter.ProviderFactory.invokeProvider(ProviderFactory.java:85)
	at org.apache.maven.surefire.booter.ForkedBooter.runSuitesInProcess(ForkedBooter.java:115)
	at org.apache.maven.surefire.booter.ForkedBooter.main(ForkedBooter.java:75)
]]>
            </full-stacktrace>
          </exception> <!-- techexe.expedia.exceptions.WishListDoesNotExistException -->
          <reporter-output>
          </reporter-output>
        </test-method> <!-- testaddToInvalidWishList -->
        <test-method status="PASS" signature="testaddToWishList()[pri:0, instance:wishlist.TestWishListMgr@5f049ea1]" name="testaddToWishList" duration-ms="1285" started-at="2017-11-05T12:49:28Z" description="Test case to add location to existing wishlist" depends-on-methods="wishlist.TestWishListMgr.testCreateWishList" finished-at="2017-11-05T12:49:29Z">
          <reporter-output>
          </reporter-output>
        </test-method> <!-- testaddToWishList -->
        <test-method status="PASS" signature="testGetWishList()[pri:0, instance:wishlist.TestWishListMgr@5f049ea1]" name="testGetWishList" duration-ms="415" started-at="2017-11-05T12:49:30Z" description="Testcase to get wishlist for a user" depends-on-methods="wishlist.TestWishListMgr.testaddToWishList" finished-at="2017-11-05T12:49:31Z">
          <reporter-output>
          </reporter-output>
        </test-method> <!-- testGetWishList -->
        <test-method status="PASS" signature="deleteWishList()[pri:0, instance:wishlist.TestWishListMgr@5f049ea1]" name="deleteWishList" duration-ms="1023" started-at="2017-11-05T12:49:36Z" description="Test case to delete wishlist" depends-on-methods="wishlist.TestWishListMgr.testGetWishList" finished-at="2017-11-05T12:49:37Z">
          <reporter-output>
          </reporter-output>
        </test-method> <!-- deleteWishList -->
      </class> <!-- wishlist.TestWishListMgr -->
      <class name="locationbrowser.TestLocationPicker">
        <test-method status="PASS" signature="testGetAllGlobalLocations()[pri:0, instance:locationbrowser.TestLocationPicker@2d901eb0]" name="testGetAllGlobalLocations" duration-ms="3842" started-at="2017-11-05T12:49:31Z" description="Test case to verify if all the global location details are fetched" finished-at="2017-11-05T12:49:35Z">
          <reporter-output>
          </reporter-output>
        </test-method> <!-- testGetAllGlobalLocations -->
        <test-method status="PASS" signature="testPinPoint()[pri:0, instance:locationbrowser.TestLocationPicker@2d901eb0]" name="testPinPoint" duration-ms="449" started-at="2017-11-05T12:49:35Z" description="Test case to verify if all the global location details are fetched" finished-at="2017-11-05T12:49:35Z">
          <reporter-output>
          </reporter-output>
        </test-method> <!-- testPinPoint -->
        <test-method status="PASS" signature="testPinPointForInvalidLatLng()[pri:0, instance:locationbrowser.TestLocationPicker@2d901eb0]" name="testPinPointForInvalidLatLng" duration-ms="410" started-at="2017-11-05T12:49:35Z" description="Test case to verify if all the global location details are not fetched for invalid LatLng" finished-at="2017-11-05T12:49:36Z">
          <exception class="techexe.expedia.exceptions.LocationNotExistException">
            <message>
              <![CDATA[Location does not exist for co-ordinatesLatitude : 888.488595 Longitude : -71.157271]]>
            </message>
            <full-stacktrace>
              <![CDATA[techexe.expedia.exceptions.LocationNotExistException: Location does not exist for co-ordinatesLatitude : 888.488595 Longitude : -71.157271
	at techexe.expedia.locations.LocationPicker.pinPoint(LocationPicker.java:53)
	at locationbrowser.TestLocationPicker.testPinPointForInvalidLatLng(TestLocationPicker.java:46)
	at sun.reflect.NativeMethodAccessorImpl.invoke0(Native Method)
	at sun.reflect.NativeMethodAccessorImpl.invoke(NativeMethodAccessorImpl.java:62)
	at sun.reflect.DelegatingMethodAccessorImpl.invoke(DelegatingMethodAccessorImpl.java:43)
	at java.lang.reflect.Method.invoke(Method.java:498)
	at org.testng.internal.MethodInvocationHelper.invokeMethod(MethodInvocationHelper.java:108)
	at org.testng.internal.Invoker.invokeMethod(Invoker.java:661)
	at org.testng.internal.Invoker.invokeTestMethod(Invoker.java:869)
	at org.testng.internal.Invoker.invokeTestMethods(Invoker.java:1193)
	at org.testng.internal.TestMethodWorker.invokeTestMethods(TestMethodWorker.java:126)
	at org.testng.internal.TestMethodWorker.run(TestMethodWorker.java:109)
	at org.testng.TestRunner.privateRun(TestRunner.java:744)
	at org.testng.TestRunner.run(TestRunner.java:602)
	at org.testng.SuiteRunner.runTest(SuiteRunner.java:380)
	at org.testng.SuiteRunner.runSequentially(SuiteRunner.java:375)
	at org.testng.SuiteRunner.privateRun(SuiteRunner.java:340)
	at org.testng.SuiteRunner.run(SuiteRunner.java:289)
	at org.testng.SuiteRunnerWorker.runSuite(SuiteRunnerWorker.java:52)
	at org.testng.SuiteRunnerWorker.run(SuiteRunnerWorker.java:86)
	at org.testng.TestNG.runSuitesSequentially(TestNG.java:1301)
	at org.testng.TestNG.runSuitesLocally(TestNG.java:1226)
	at org.testng.TestNG.runSuites(TestNG.java:1144)
	at org.testng.TestNG.run(TestNG.java:1115)
	at org.apache.maven.surefire.testng.TestNGExecutor.run(TestNGExecutor.java:77)
	at org.apache.maven.surefire.testng.TestNGDirectoryTestSuite.executeMulti(TestNGDirectoryTestSuite.java:159)
	at org.apache.maven.surefire.testng.TestNGDirectoryTestSuite.execute(TestNGDirectoryTestSuite.java:99)
	at org.apache.maven.surefire.testng.TestNGProvider.invoke(TestNGProvider.java:106)
	at sun.reflect.NativeMethodAccessorImpl.invoke0(Native Method)
	at sun.reflect.NativeMethodAccessorImpl.invoke(NativeMethodAccessorImpl.java:62)
	at sun.reflect.DelegatingMethodAccessorImpl.invoke(DelegatingMethodAccessorImpl.java:43)
	at java.lang.reflect.Method.invoke(Method.java:498)
	at org.apache.maven.surefire.util.ReflectionUtils.invokeMethodWithArray(ReflectionUtils.java:189)
	at org.apache.maven.surefire.booter.ProviderFactory$ProviderProxy.invoke(ProviderFactory.java:165)
	at org.apache.maven.surefire.booter.ProviderFactory.invokeProvider(ProviderFactory.java:85)
	at org.apache.maven.surefire.booter.ForkedBooter.runSuitesInProcess(ForkedBooter.java:115)
	at org.apache.maven.surefire.booter.ForkedBooter.main(ForkedBooter.java:75)
]]>
            </full-stacktrace>
          </exception> <!-- techexe.expedia.exceptions.LocationNotExistException -->
          <reporter-output>
          </reporter-output>
        </test-method> <!-- testPinPointForInvalidLatLng -->
      </class> <!-- locationbrowser.TestLocationPicker -->
      <class name="TestEmailNotifier">
        <test-method status="PASS" signature="testListOfEmailIds()[pri:0, instance:TestEmailNotifier@3f191845]" name="testListOfEmailIds" duration-ms="414" started-at="2017-11-05T12:49:40Z" description="Verify the no of emails Ids to be notified" finished-at="2017-11-05T12:49:40Z">
          <reporter-output>
          </reporter-output>
        </test-method> <!-- testListOfEmailIds -->
      </class> <!-- TestEmailNotifier -->
    </test> <!-- Command line test -->
  </suite> <!-- Command line suite -->
</testng-results>
